# vsim -coverage -l reserved.log -c test_bench -voptargs="+cover=bcesft" -assertdebug -do "coverage save -onexit reserved.ucdb; log -r /*;run -all" 
# Start time: 03:01:41 on Oct 12,2025
# ** Note: (vsim-3813) Design is being optimized due to module recompilation...
# //  Questa Intel Starter FPGA Edition-64
# //  Version 2024.3 linux_x86_64 Sep 10 2024
# //
# // Unpublished work. Copyright 2024 Siemens
# //
# // This material contains trade secrets or otherwise confidential information
# // owned by Siemens Industry Software Inc. or its affiliates (collectively,
# // "SISW"), or its licensors. Access to and use of this information is strictly
# // limited as set forth in the Customer's applicable agreements with SISW.
# //
# // This material may not be copied, distributed, or otherwise disclosed outside
# // of the Customer's facilities without the express written permission of SISW,
# // and may not be used in any way not expressly authorized by SISW.
# //
# Loading work.test_bench(fast)
# coverage save -onexit reserved.ucdb
#  log -r /*
# run -all
# --------------------------------------------------------------------------
# t =        131 | [WRITE] addr = 12'h229, wdata = 32'hffffffff
# --------------------------------------------------------------------------
# pready state when penable is first asserted:
# t =        152 | [PASS]  pready is OFF
# pready state when transfer ended:
# t =        192 | [PASS]  pready is OFF
# --------------------------------------------------------------------------
# t =        211 | [READ]  addr = 12'h229, exp rdata = 32'h00000000
# --------------------------------------------------------------------------
# pready state when penable is first asserted:
# t =        232 | [PASS]  pready is OFF
# t =        251 | [PASS]  output rdata = 32'h00000000
# pready state when transfer ended:
# t =        272 | [PASS]  pready is OFF
# --------------------------------------------------------------------------
# t =        291 | [WRITE] addr = 12'h19a, wdata = 32'hffffffff
# --------------------------------------------------------------------------
# pready state when penable is first asserted:
# t =        312 | [PASS]  pready is OFF
# pready state when transfer ended:
# t =        352 | [PASS]  pready is OFF
# --------------------------------------------------------------------------
# t =        371 | [READ]  addr = 12'h19a, exp rdata = 32'h00000000
# --------------------------------------------------------------------------
# pready state when penable is first asserted:
# t =        392 | [PASS]  pready is OFF
# t =        411 | [PASS]  output rdata = 32'h00000000
# pready state when transfer ended:
# t =        432 | [PASS]  pready is OFF
# --------------------------------------------------------------------------
# t =        451 | [WRITE] addr = 12'h2fe, wdata = 32'hffffffff
# --------------------------------------------------------------------------
# pready state when penable is first asserted:
# t =        472 | [PASS]  pready is OFF
# pready state when transfer ended:
# t =        512 | [PASS]  pready is OFF
# --------------------------------------------------------------------------
# t =        531 | [READ]  addr = 12'h2fe, exp rdata = 32'h00000000
# --------------------------------------------------------------------------
# pready state when penable is first asserted:
# t =        552 | [PASS]  pready is OFF
# t =        571 | [PASS]  output rdata = 32'h00000000
# pready state when transfer ended:
# t =        592 | [PASS]  pready is OFF
# --------------------------------------------------------------------------
# t =        611 | [WRITE] addr = 12'h95a, wdata = 32'hffffffff
# --------------------------------------------------------------------------
# pready state when penable is first asserted:
# t =        632 | [PASS]  pready is OFF
# pready state when transfer ended:
# t =        672 | [PASS]  pready is OFF
# --------------------------------------------------------------------------
# t =        691 | [READ]  addr = 12'h95a, exp rdata = 32'h00000000
# --------------------------------------------------------------------------
# pready state when penable is first asserted:
# t =        712 | [PASS]  pready is OFF
# t =        731 | [PASS]  output rdata = 32'h00000000
# pready state when transfer ended:
# t =        752 | [PASS]  pready is OFF
# --------------------------------------------------------------------------
# t =        771 | [WRITE] addr = 12'h42e, wdata = 32'hffffffff
# --------------------------------------------------------------------------
# pready state when penable is first asserted:
# t =        792 | [PASS]  pready is OFF
# pready state when transfer ended:
# t =        832 | [PASS]  pready is OFF
# --------------------------------------------------------------------------
# t =        851 | [READ]  addr = 12'h42e, exp rdata = 32'h00000000
# --------------------------------------------------------------------------
# pready state when penable is first asserted:
# t =        872 | [PASS]  pready is OFF
# t =        891 | [PASS]  output rdata = 32'h00000000
# pready state when transfer ended:
# t =        912 | [PASS]  pready is OFF
# --------------------------------------------------------------------------
# t =        931 | [WRITE] addr = 12'hba2, wdata = 32'hffffffff
# --------------------------------------------------------------------------
# pready state when penable is first asserted:
# t =        952 | [PASS]  pready is OFF
# pready state when transfer ended:
# t =        992 | [PASS]  pready is OFF
# --------------------------------------------------------------------------
# t =       1011 | [READ]  addr = 12'hba2, exp rdata = 32'h00000000
# --------------------------------------------------------------------------
# pready state when penable is first asserted:
# t =       1032 | [PASS]  pready is OFF
# t =       1051 | [PASS]  output rdata = 32'h00000000
# pready state when transfer ended:
# t =       1072 | [PASS]  pready is OFF
# --------------------------------------------------------------------------
# t =       1091 | [WRITE] addr = 12'h81b, wdata = 32'hffffffff
# --------------------------------------------------------------------------
# pready state when penable is first asserted:
# t =       1112 | [PASS]  pready is OFF
# pready state when transfer ended:
# t =       1152 | [PASS]  pready is OFF
# --------------------------------------------------------------------------
# t =       1171 | [READ]  addr = 12'h81b, exp rdata = 32'h00000000
# --------------------------------------------------------------------------
# pready state when penable is first asserted:
# t =       1192 | [PASS]  pready is OFF
# t =       1211 | [PASS]  output rdata = 32'h00000000
# pready state when transfer ended:
# t =       1232 | [PASS]  pready is OFF
# --------------------------------------------------------------------------
# t =       1251 | [WRITE] addr = 12'hd19, wdata = 32'hffffffff
# --------------------------------------------------------------------------
# pready state when penable is first asserted:
# t =       1272 | [PASS]  pready is OFF
# pready state when transfer ended:
# t =       1312 | [PASS]  pready is OFF
# --------------------------------------------------------------------------
# t =       1331 | [READ]  addr = 12'hd19, exp rdata = 32'h00000000
# --------------------------------------------------------------------------
# pready state when penable is first asserted:
# t =       1352 | [PASS]  pready is OFF
# t =       1371 | [PASS]  output rdata = 32'h00000000
# pready state when transfer ended:
# t =       1392 | [PASS]  pready is OFF
# --------------------------------------------------------------------------
# t =       1411 | [WRITE] addr = 12'h18c, wdata = 32'hffffffff
# --------------------------------------------------------------------------
# pready state when penable is first asserted:
# t =       1432 | [PASS]  pready is OFF
# pready state when transfer ended:
# t =       1472 | [PASS]  pready is OFF
# --------------------------------------------------------------------------
# t =       1491 | [READ]  addr = 12'h18c, exp rdata = 32'h00000000
# --------------------------------------------------------------------------
# pready state when penable is first asserted:
# t =       1512 | [PASS]  pready is OFF
# t =       1531 | [PASS]  output rdata = 32'h00000000
# pready state when transfer ended:
# t =       1552 | [PASS]  pready is OFF
# --------------------------------------------------------------------------
# t =       1571 | [WRITE] addr = 12'hbd7, wdata = 32'hffffffff
# --------------------------------------------------------------------------
# pready state when penable is first asserted:
# t =       1592 | [PASS]  pready is OFF
# pready state when transfer ended:
# t =       1632 | [PASS]  pready is OFF
# --------------------------------------------------------------------------
# t =       1651 | [READ]  addr = 12'hbd7, exp rdata = 32'h00000000
# --------------------------------------------------------------------------
# pready state when penable is first asserted:
# t =       1672 | [PASS]  pready is OFF
# t =       1691 | [PASS]  output rdata = 32'h00000000
# pready state when transfer ended:
# t =       1712 | [PASS]  pready is OFF
# --------------------------------------------------------------------------
# t =       1731 | [WRITE] addr = 12'hf5b, wdata = 32'hffffffff
# --------------------------------------------------------------------------
# pready state when penable is first asserted:
# t =       1752 | [PASS]  pready is OFF
# pready state when transfer ended:
# t =       1792 | [PASS]  pready is OFF
# --------------------------------------------------------------------------
# t =       1811 | [READ]  addr = 12'hf5b, exp rdata = 32'h00000000
# --------------------------------------------------------------------------
# pready state when penable is first asserted:
# t =       1832 | [PASS]  pready is OFF
# t =       1851 | [PASS]  output rdata = 32'h00000000
# pready state when transfer ended:
# t =       1872 | [PASS]  pready is OFF
# --------------------------------------------------------------------------
# t =       1891 | [WRITE] addr = 12'hb2f, wdata = 32'hffffffff
# --------------------------------------------------------------------------
# pready state when penable is first asserted:
# t =       1912 | [PASS]  pready is OFF
# pready state when transfer ended:
# t =       1952 | [PASS]  pready is OFF
# --------------------------------------------------------------------------
# t =       1971 | [READ]  addr = 12'hb2f, exp rdata = 32'h00000000
# --------------------------------------------------------------------------
# pready state when penable is first asserted:
# t =       1992 | [PASS]  pready is OFF
# t =       2011 | [PASS]  output rdata = 32'h00000000
# pready state when transfer ended:
# t =       2032 | [PASS]  pready is OFF
# --------------------------------------------------------------------------
# t =       2051 | [WRITE] addr = 12'h3b3, wdata = 32'hffffffff
# --------------------------------------------------------------------------
# pready state when penable is first asserted:
# t =       2072 | [PASS]  pready is OFF
# pready state when transfer ended:
# t =       2112 | [PASS]  pready is OFF
# --------------------------------------------------------------------------
# t =       2131 | [READ]  addr = 12'h3b3, exp rdata = 32'h00000000
# --------------------------------------------------------------------------
# pready state when penable is first asserted:
# t =       2152 | [PASS]  pready is OFF
# t =       2171 | [PASS]  output rdata = 32'h00000000
# pready state when transfer ended:
# t =       2192 | [PASS]  pready is OFF
# --------------------------------------------------------------------------
# t =       2211 | [WRITE] addr = 12'h3c6, wdata = 32'hffffffff
# --------------------------------------------------------------------------
# pready state when penable is first asserted:
# t =       2232 | [PASS]  pready is OFF
# pready state when transfer ended:
# t =       2272 | [PASS]  pready is OFF
# --------------------------------------------------------------------------
# t =       2291 | [READ]  addr = 12'h3c6, exp rdata = 32'h00000000
# --------------------------------------------------------------------------
# pready state when penable is first asserted:
# t =       2312 | [PASS]  pready is OFF
# t =       2331 | [PASS]  output rdata = 32'h00000000
# pready state when transfer ended:
# t =       2352 | [PASS]  pready is OFF
# --------------------------------------------------------------------------
# t =       2371 | [WRITE] addr = 12'hdd0, wdata = 32'hffffffff
# --------------------------------------------------------------------------
# pready state when penable is first asserted:
# t =       2392 | [PASS]  pready is OFF
# pready state when transfer ended:
# t =       2432 | [PASS]  pready is OFF
# --------------------------------------------------------------------------
# t =       2451 | [READ]  addr = 12'hdd0, exp rdata = 32'h00000000
# --------------------------------------------------------------------------
# pready state when penable is first asserted:
# t =       2472 | [PASS]  pready is OFF
# t =       2491 | [PASS]  output rdata = 32'h00000000
# pready state when transfer ended:
# t =       2512 | [PASS]  pready is OFF
# --------------------------------------------------------------------------
# t =       2531 | [WRITE] addr = 12'hd40, wdata = 32'hffffffff
# --------------------------------------------------------------------------
# pready state when penable is first asserted:
# t =       2552 | [PASS]  pready is OFF
# pready state when transfer ended:
# t =       2592 | [PASS]  pready is OFF
# --------------------------------------------------------------------------
# t =       2611 | [READ]  addr = 12'hd40, exp rdata = 32'h00000000
# --------------------------------------------------------------------------
# pready state when penable is first asserted:
# t =       2632 | [PASS]  pready is OFF
# t =       2651 | [PASS]  output rdata = 32'h00000000
# pready state when transfer ended:
# t =       2672 | [PASS]  pready is OFF
# --------------------------------------------------------------------------
# t =       2691 | [WRITE] addr = 12'h118, wdata = 32'hffffffff
# --------------------------------------------------------------------------
# pready state when penable is first asserted:
# t =       2712 | [PASS]  pready is OFF
# pready state when transfer ended:
# t =       2752 | [PASS]  pready is OFF
# --------------------------------------------------------------------------
# t =       2771 | [READ]  addr = 12'h118, exp rdata = 32'h00000000
# --------------------------------------------------------------------------
# pready state when penable is first asserted:
# t =       2792 | [PASS]  pready is OFF
# t =       2811 | [PASS]  output rdata = 32'h00000000
# pready state when transfer ended:
# t =       2832 | [PASS]  pready is OFF
# --------------------------------------------------------------------------
# t =       2851 | [WRITE] addr = 12'hd8c, wdata = 32'hffffffff
# --------------------------------------------------------------------------
# pready state when penable is first asserted:
# t =       2872 | [PASS]  pready is OFF
# pready state when transfer ended:
# t =       2912 | [PASS]  pready is OFF
# --------------------------------------------------------------------------
# t =       2931 | [READ]  addr = 12'hd8c, exp rdata = 32'h00000000
# --------------------------------------------------------------------------
# pready state when penable is first asserted:
# t =       2952 | [PASS]  pready is OFF
# t =       2971 | [PASS]  output rdata = 32'h00000000
# pready state when transfer ended:
# t =       2992 | [PASS]  pready is OFF
# --------------------------------------------------------------------------
# t =       3011 | [WRITE] addr = 12'h8a8, wdata = 32'hffffffff
# --------------------------------------------------------------------------
# pready state when penable is first asserted:
# t =       3032 | [PASS]  pready is OFF
# pready state when transfer ended:
# t =       3072 | [PASS]  pready is OFF
# --------------------------------------------------------------------------
# t =       3091 | [READ]  addr = 12'h8a8, exp rdata = 32'h00000000
# --------------------------------------------------------------------------
# pready state when penable is first asserted:
# t =       3112 | [PASS]  pready is OFF
# t =       3131 | [PASS]  output rdata = 32'h00000000
# pready state when transfer ended:
# t =       3152 | [PASS]  pready is OFF
# --------------------------------------------------------------------------
# t =       3171 | [WRITE] addr = 12'h187, wdata = 32'hffffffff
# --------------------------------------------------------------------------
# pready state when penable is first asserted:
# t =       3192 | [PASS]  pready is OFF
# pready state when transfer ended:
# t =       3232 | [PASS]  pready is OFF
# --------------------------------------------------------------------------
# t =       3251 | [READ]  addr = 12'h187, exp rdata = 32'h00000000
# --------------------------------------------------------------------------
# pready state when penable is first asserted:
# t =       3272 | [PASS]  pready is OFF
# t =       3291 | [PASS]  output rdata = 32'h00000000
# pready state when transfer ended:
# t =       3312 | [PASS]  pready is OFF
# ==========================================================================
# 	SUMMARY:
# Total test cases run: 100
# Passed              : 100
# Failed              : 0
# Test_result PASSED
# ==========================================================================
# ** Note: $finish    : ../tb/test_bench.v(321)
#    Time: 3412 ns  Iteration: 0  Instance: /test_bench
# Saving coverage database on exit...
# End time: 03:01:42 on Oct 12,2025, Elapsed time: 0:00:01
# Errors: 0, Warnings: 0
