# vsim -coverage -l apb_pslverr_chk.log -c test_bench -voptargs="+cover=bcesft" -assertdebug -do "coverage save -onexit apb_pslverr_chk.ucdb; log -r /*;run -all" 
# Start time: 21:18:59 on Oct 06,2025
# ** Note: (vsim-3813) Design is being optimized due to module recompilation...
# //  Questa Intel Starter FPGA Edition-64
# //  Version 2024.3 linux_x86_64 Sep 10 2024
# //
# // Unpublished work. Copyright 2024 Siemens
# //
# // This material contains trade secrets or otherwise confidential information
# // owned by Siemens Industry Software Inc. or its affiliates (collectively,
# // "SISW"), or its licensors. Access to and use of this information is strictly
# // limited as set forth in the Customer's applicable agreements with SISW.
# //
# // This material may not be copied, distributed, or otherwise disclosed outside
# // of the Customer's facilities without the express written permission of SISW,
# // and may not be used in any way not expressly authorized by SISW.
# //
# Loading work.test_bench(fast)
# coverage save -onexit apb_pslverr_chk.ucdb
#  log -r /*
# run -all
# =====================================
# === Test Case: Pslverr check === ====
# =====================================
# Pslverr access is ON
# t=       100 [TB_WRITE]: addr=00000000 data=00000900
# t=       475 [TB_READ]: addr=00000000 rdata=00000100
# ------------------------------------------------
# t=       475 PASS: rdata = 00000100 at addr 00000000 is correct
# ------------------------------------------------
# t=       475 [TB_WRITE]: addr=00000000 data=00000a00
# t=       875 [TB_READ]: addr=00000000 rdata=00000100
# ------------------------------------------------
# t=       875 PASS: rdata = 00000100 at addr 00000000 is correct
# ------------------------------------------------
# t=       875 [TB_WRITE]: addr=00000000 data=00000b00
# t=      1275 [TB_READ]: addr=00000000 rdata=00000100
# ------------------------------------------------
# t=      1275 PASS: rdata = 00000100 at addr 00000000 is correct
# ------------------------------------------------
# t=      1275 [TB_WRITE]: addr=00000000 data=00000c00
# t=      1675 [TB_READ]: addr=00000000 rdata=00000100
# ------------------------------------------------
# t=      1675 PASS: rdata = 00000100 at addr 00000000 is correct
# ------------------------------------------------
# t=      1675 [TB_WRITE]: addr=00000000 data=00000d00
# t=      2075 [TB_READ]: addr=00000000 rdata=00000100
# ------------------------------------------------
# t=      2075 PASS: rdata = 00000100 at addr 00000000 is correct
# ------------------------------------------------
# t=      2075 [TB_WRITE]: addr=00000000 data=00000e00
# t=      2475 [TB_READ]: addr=00000000 rdata=00000100
# ------------------------------------------------
# t=      2475 PASS: rdata = 00000100 at addr 00000000 is correct
# ------------------------------------------------
# t=      2475 [TB_WRITE]: addr=00000000 data=00000f00
# t=      2875 [TB_READ]: addr=00000000 rdata=00000100
# ------------------------------------------------
# t=      2875 PASS: rdata = 00000100 at addr 00000000 is correct
# ------------------------------------------------
# Pslverr access is OFF
# t=      2875 [TB_WRITE]: addr=00000000 data=00000800
# t=      3275 [TB_READ]: addr=00000000 rdata=00000800
# ------------------------------------------------
# t=      3275 PASS: rdata = 00000800 at addr 00000000 is correct
# ------------------------------------------------
# t=      3275 [TB_WRITE]: addr=00000000 data=00000001
# Pslverr access is ON
# t=      3476 [TB_WRITE]: addr=00000000 data=00000103
# t=      3875 [TB_READ]: addr=00000000 rdata=00000001
# ------------------------------------------------
# t=      3875 PASS: rdata = 00000001 at addr 00000000 is correct
# ------------------------------------------------
# t=      3875 [TB_WRITE]: addr=00000000 data=00000100
# t=      4275 [TB_READ]: addr=00000000 rdata=00000001
# ------------------------------------------------
# t=      4275 PASS: rdata = 00000001 at addr 00000000 is correct
# ------------------------------------------------
# t=      4275 [TB_WRITE]: addr=00000000 data=00000002
# Pslverr access is OFF
# t=      4675 [TB_READ]: addr=00000000 rdata=00000001
# ------------------------------------------------
# t=      4675 PASS: rdata = 00000001 at addr 00000000 is correct
# ------------------------------------------------
# clear timer_en
# t=      4675 [TB_WRITE]: addr=00000000 data=00000000
# t=      4876 [TB_WRITE]: addr=00000000 data=00000102
# t=      5275 [TB_READ]: addr=00000000 rdata=00000102
# ------------------------------------------------
# t=      5275 PASS: rdata = 00000102 at addr 00000000 is correct
# ------------------------------------------------
# Test_result PASSED
# ** Note: $finish    : ../tb_golden/test_bench.v(94)
#    Time: 5375 ns  Iteration: 0  Instance: /test_bench
# Saving coverage database on exit...
# End time: 21:19:00 on Oct 06,2025, Elapsed time: 0:00:01
# Errors: 0, Warnings: 0
