# vsim -coverage -l apb_unaligned_chk.log -c test_bench -voptargs="+cover=bcesft" -assertdebug -do "coverage save -onexit apb_unaligned_chk.ucdb; log -r /*;run -all" 
# Start time: 21:19:28 on Oct 06,2025
# ** Note: (vsim-3813) Design is being optimized due to module recompilation...
# //  Questa Intel Starter FPGA Edition-64
# //  Version 2024.3 linux_x86_64 Sep 10 2024
# //
# // Unpublished work. Copyright 2024 Siemens
# //
# // This material contains trade secrets or otherwise confidential information
# // owned by Siemens Industry Software Inc. or its affiliates (collectively,
# // "SISW"), or its licensors. Access to and use of this information is strictly
# // limited as set forth in the Customer's applicable agreements with SISW.
# //
# // This material may not be copied, distributed, or otherwise disclosed outside
# // of the Customer's facilities without the express written permission of SISW,
# // and may not be used in any way not expressly authorized by SISW.
# //
# Loading work.test_bench(fast)
# coverage save -onexit apb_unaligned_chk.ucdb
#  log -r /*
# run -all
# =====================================
# === Test Case: APB Un-aligned Test===
# =====================================
# t=       100 [TB_WRITE]: addr=00000004 data=33333333
# t=       475 [TB_READ]: addr=00000004 rdata=33333333
# ------------------------------------------------
# t=       475 PASS: rdata = 33333333 at addr 00000004 is correct
# ------------------------------------------------
# un-aligned: offset 0x1
# t=       475 [TB_WRITE]: addr=00000005 data=44444444
# t=       875 [TB_READ]: addr=00000005 rdata=00000000
# ------------------------------------------------
# t=       875 PASS: rdata = 00000000 at addr 00000005 is correct
# ------------------------------------------------
# t=      1075 [TB_READ]: addr=00000004 rdata=33333333
# ------------------------------------------------
# t=      1075 PASS: rdata = 33333333 at addr 00000004 is correct
# ------------------------------------------------
# un-aligned: offset 0x2
# t=      1075 [TB_WRITE]: addr=00000006 data=44444444
# t=      1475 [TB_READ]: addr=00000006 rdata=00000000
# ------------------------------------------------
# t=      1475 PASS: rdata = 00000000 at addr 00000006 is correct
# ------------------------------------------------
# t=      1675 [TB_READ]: addr=00000004 rdata=33333333
# ------------------------------------------------
# t=      1675 PASS: rdata = 33333333 at addr 00000004 is correct
# ------------------------------------------------
# un-aligned: offset 0x3
# t=      1675 [TB_WRITE]: addr=00000006 data=44444444
# t=      2075 [TB_READ]: addr=00000007 rdata=00000000
# ------------------------------------------------
# t=      2075 PASS: rdata = 00000000 at addr 00000007 is correct
# ------------------------------------------------
# t=      2275 [TB_READ]: addr=00000004 rdata=33333333
# ------------------------------------------------
# t=      2275 PASS: rdata = 33333333 at addr 00000004 is correct
# ------------------------------------------------
# Test_result PASSED
# ** Note: $finish    : ../tb_golden/test_bench.v(94)
#    Time: 2375 ns  Iteration: 0  Instance: /test_bench
# Saving coverage database on exit...
# End time: 21:19:29 on Oct 06,2025, Elapsed time: 0:00:01
# Errors: 0, Warnings: 0
