# vsim -coverage -l interrupt_chk.log -c test_bench -voptargs="+cover=bcesft" -assertdebug -do "coverage save -onexit interrupt_chk.ucdb; log -r /*;run -all" 
# Start time: 21:19:52 on Oct 06,2025
# ** Note: (vsim-3813) Design is being optimized due to module recompilation...
# //  Questa Intel Starter FPGA Edition-64
# //  Version 2024.3 linux_x86_64 Sep 10 2024
# //
# // Unpublished work. Copyright 2024 Siemens
# //
# // This material contains trade secrets or otherwise confidential information
# // owned by Siemens Industry Software Inc. or its affiliates (collectively,
# // "SISW"), or its licensors. Access to and use of this information is strictly
# // limited as set forth in the Customer's applicable agreements with SISW.
# //
# // This material may not be copied, distributed, or otherwise disclosed outside
# // of the Customer's facilities without the express written permission of SISW,
# // and may not be used in any way not expressly authorized by SISW.
# //
# Loading work.test_bench(fast)
# coverage save -onexit interrupt_chk.ucdb
#  log -r /*
# run -all
# ====================================
# ====== Test Case: check Interrupt===
# ====================================
# t=       100 [TB_WRITE]: addr=0000000c data=000000ff
# t=       276 [TB_WRITE]: addr=00000010 data=00000000
# t=       476 [TB_WRITE]: addr=00000014 data=00000001
# t=       676 [TB_WRITE]: addr=00000000 data=00000001
# --------------------------------------------------------
# t=     13925 PASSED: interrupt is asserted
# --------------------------------------------------------
# Check interrupt status is 1
# t=     14125 [TB_READ]: addr=00000018 rdata=00000001
# ------------------------------------------------
# t=     14125 PASS: rdata = 00000001 at addr 00000018 is correct
# ------------------------------------------------
# assert reset
# release reset
# config and assert interrupt again
# t=     14475 [TB_WRITE]: addr=0000000c data=000000ff
# t=     14676 [TB_WRITE]: addr=00000010 data=00000000
# t=     14876 [TB_WRITE]: addr=00000014 data=00000001
# t=     15076 [TB_WRITE]: addr=00000000 data=00000001
# --------------------------------------------------------
# t=     28325 PASSED: interrupt is asserted
# --------------------------------------------------------
# t=     28525 [TB_READ]: addr=00000004 rdata=00000108
# t=     28725 [TB_READ]: addr=00000008 rdata=00000000
# Check interrupt status is 1
# t=     28925 [TB_READ]: addr=00000018 rdata=00000001
# ------------------------------------------------
# t=     28925 PASS: rdata = 00000001 at addr 00000018 is correct
# ------------------------------------------------
# Write 0 to interrupt status and check tim_int and int_st
# t=     28925 [TB_WRITE]: addr=00000018 data=00000000
# --------------------------------------------------------
# t=     29126 PASSED: interrupt is kept asserting
# --------------------------------------------------------
# t=     29325 [TB_READ]: addr=00000018 rdata=00000001
# ------------------------------------------------
# t=     29325 PASS: rdata = 00000001 at addr 00000018 is correct
# ------------------------------------------------
# Check counter continue counting when interrupt asserts
# t=     42325 [TB_READ]: addr=00000004 rdata=0000021c
# t=     42525 [TB_READ]: addr=00000008 rdata=00000000
# ------------------------------------------------
# t=     42525 PASSED: cnt continue counting when interrupt is asserted 
# ------------------------------------------------
# clear interrupt_en and check tim_int is masked
# t=     42525 [TB_WRITE]: addr=00000014 data=00000000
# --------------------------------------------------------
# t=     42726 PASSED: interrupt is negated when disabled
# --------------------------------------------------------
# int_st still keeps 1
# t=     42925 [TB_READ]: addr=00000018 rdata=00000001
# ------------------------------------------------
# t=     42925 PASS: rdata = 00000001 at addr 00000018 is correct
# ------------------------------------------------
# set interrupt_en again and check tim_int is asserted
# t=     42925 [TB_WRITE]: addr=00000014 data=00000001
# --------------------------------------------------------------------
# t=     43126 PASSED: interrupt is asserted again when re-enable interrupt
# --------------------------------------------------------------------
# write int_st=1 and check interrupt and int_st
# t=     43126 [TB_WRITE]: addr=00000018 data=00000001
# --------------------------------------------------------
# t=     43575 PASSED: interrupt is negated when write int_st=1 
# --------------------------------------------------------
# t=     43775 [TB_READ]: addr=00000018 rdata=00000000
# ------------------------------------------------
# t=     43775 PASS: rdata = 00000000 at addr 00000018 is correct
# ------------------------------------------------
# manual condition when generate interrupt by TDR0/1
# t=     43775 [TB_WRITE]: addr=00000000 data=00000000
# t=     43976 [TB_WRITE]: addr=00000004 data=00000000
# t=     44176 [TB_WRITE]: addr=00000008 data=00000000
# t=     44376 [TB_WRITE]: addr=00000014 data=00000000
# t=     44576 [TB_WRITE]: addr=00000004 data=000000ff
# --------------------------------------------------------
# t=     45025 PASSED: interrupt is not asserted when int_en is 0
# --------------------------------------------------------
# Check interrupt status is 1
# t=     45225 [TB_READ]: addr=00000018 rdata=00000001
# ------------------------------------------------
# t=     45225 PASS: rdata = 00000001 at addr 00000018 is correct
# ------------------------------------------------
# t=     45225 [TB_WRITE]: addr=00000014 data=00000001
# --------------------------------------------------------
# t=     45426 PASSED: interrupt is asserted
# --------------------------------------------------------
# write int_st=1 and check interrupt and int_st, should be kept
# t=     45426 [TB_WRITE]: addr=00000018 data=00000001
# --------------------------------------------------------
# t=     45875 PASSED: interrupt is asserted in muanal mode
# --------------------------------------------------------
# Check interrupt status is 1
# t=     46075 [TB_READ]: addr=00000018 rdata=00000001
# ------------------------------------------------
# t=     46075 PASS: rdata = 00000001 at addr 00000018 is correct
# ------------------------------------------------
# change TDR0 1 unit and check again
# t=     46075 [TB_WRITE]: addr=00000004 data=000000fe
# t=     46276 [TB_WRITE]: addr=00000018 data=00000001
# --------------------------------------------------------
# t=     46725 PASSED: interrupt is negated when write int_st=1 
# --------------------------------------------------------
# t=     46925 [TB_READ]: addr=00000018 rdata=00000000
# ------------------------------------------------
# t=     46925 PASS: rdata = 00000000 at addr 00000018 is correct
# ------------------------------------------------
# Test_result PASSED
# ** Note: $finish    : ../tb_golden/test_bench.v(94)
#    Time: 47025 ns  Iteration: 0  Instance: /test_bench
# Saving coverage database on exit...
# End time: 21:19:53 on Oct 06,2025, Elapsed time: 0:00:01
# Errors: 0, Warnings: 0
